<?xml version="1.0" encoding="UTF-8"?>
<testsuite name="com.telran.addressbook.tests.GroupModificationTest" tests="1" skipped="0" failures="0" errors="0" timestamp="2018-06-01T08:03:12" hostname="Vladimirs-MBP" time="1.959">
  <properties/>
  <testcase name="testGroupModification" classname="com.telran.addressbook.tests.GroupModificationTest" time="1.959"/>
  <system-out><![CDATA[]]></system-out>
  <system-err><![CDATA[]]></system-err>
</testsuite>
