<?xml version="1.0" encoding="UTF-8"?>
<testsuite name="com.telran.addressbook.tests.GroupCreationTest" tests="3" skipped="0" failures="0" errors="0" timestamp="2018-05-25T22:43:01" hostname="Vladimirs-MBP" time="3.051">
  <properties/>
  <testcase name="testGroupCreationEmpty" classname="com.telran.addressbook.tests.GroupCreationTest" time="0.86"/>
  <testcase name="testGroupCreationLongName" classname="com.telran.addressbook.tests.GroupCreationTest" time="1.146"/>
  <testcase name="testGroupCreationShortName" classname="com.telran.addressbook.tests.GroupCreationTest" time="1.042"/>
  <system-out><![CDATA[testGroupCreationEmpty() PASSED
testGroupCreationLongName() PASSED
testGroupCreationShortName() PASSED
]]></system-out>
  <system-err><![CDATA[]]></system-err>
</testsuite>
