<?xml version="1.0" encoding="UTF-8"?>
<testsuite name="com.telran.addressbook.tests.GroupCreationTest" tests="5" skipped="0" failures="0" errors="0" timestamp="2018-06-01T08:03:15" hostname="Vladimirs-MBP" time="8.095">
  <properties/>
  <testcase name="testGroupCreationLongName[0](GroupData{name='testName 0', header=' header 0', footer=' footer 0 '})" classname="com.telran.addressbook.tests.GroupCreationTest" time="1.517"/>
  <testcase name="testGroupCreationLongName[1](GroupData{name='testName 1', header=' header 1', footer=' footer 1 '})" classname="com.telran.addressbook.tests.GroupCreationTest" time="1.791"/>
  <testcase name="testGroupCreationLongName[2](GroupData{name='testName 2', header=' header 2', footer=' footer 2 '})" classname="com.telran.addressbook.tests.GroupCreationTest" time="1.775"/>
  <testcase name="testGroupCreationLongName[3](GroupData{name='testName 3', header=' header 3', footer=' footer 3 '})" classname="com.telran.addressbook.tests.GroupCreationTest" time="1.572"/>
  <testcase name="testGroupCreationLongName[4](GroupData{name='testName 4', header=' header 4', footer=' footer 4'})" classname="com.telran.addressbook.tests.GroupCreationTest" time="1.437"/>
  <system-out><![CDATA[method 1 PASSED: testGroupCreationLongName()
method 1 PASSED: testGroupCreationLongName()
method 1 PASSED: testGroupCreationLongName()
method 1 PASSED: testGroupCreationLongName()
method 1 PASSED: testGroupCreationLongName()
]]></system-out>
  <system-err><![CDATA[]]></system-err>
</testsuite>
