<?xml version="1.0" encoding="UTF-8"?>
<testsuite name="com.telran.addressbook.tests.GroupDeletionTest" tests="1" skipped="0" failures="0" errors="0" timestamp="2018-05-28T05:49:20" hostname="Vladimirs-MBP" time="0.631">
  <properties/>
  <testcase name="testGroupDeletion" classname="com.telran.addressbook.tests.GroupDeletionTest" time="0.631"/>
  <system-out><![CDATA[]]></system-out>
  <system-err><![CDATA[]]></system-err>
</testsuite>
