<?xml version="1.0" encoding="UTF-8"?>
<testsuite name="com.telran.addressbook.tests.GroupDeletionTest" tests="1" skipped="0" failures="0" errors="0" timestamp="2018-06-06T17:17:23" hostname="Vladimirs-MacBook-Pro.local" time="1.0">
  <properties/>
  <testcase name="testGroupDeletion" classname="com.telran.addressbook.tests.GroupDeletionTest" time="1.0"/>
  <system-out><![CDATA[]]></system-out>
  <system-err><![CDATA[]]></system-err>
</testsuite>
