<?xml version="1.0" encoding="UTF-8"?>
<testsuite name="com.telran.addressbook.tests.GroupDeletionTest" tests="1" skipped="0" failures="0" errors="0" timestamp="2018-06-08T22:35:04" hostname="Vladimirs-MacBook-Pro.local" time="1.097">
  <properties/>
  <testcase name="testGroupDeletion" classname="com.telran.addressbook.tests.GroupDeletionTest" time="1.097"/>
  <system-out><![CDATA[]]></system-out>
  <system-err><![CDATA[]]></system-err>
</testsuite>
