<?xml version="1.0" encoding="UTF-8"?>
<testsuite name="com.telran.addressbook.tests.GroupDeletionTest" tests="1" skipped="0" failures="0" errors="0" timestamp="2018-05-25T22:43:05" hostname="Vladimirs-MBP" time="0.612">
  <properties/>
  <testcase name="testGroupDeletion" classname="com.telran.addressbook.tests.GroupDeletionTest" time="0.612"/>
  <system-out><![CDATA[]]></system-out>
  <system-err><![CDATA[]]></system-err>
</testsuite>
