<?xml version="1.0" encoding="UTF-8"?>
<testsuite name="com.telran.addressbook.tests.ContactDeletionTest" tests="2" skipped="0" failures="0" errors="0" timestamp="2018-07-06T08:33:18" hostname="Vladimirs-MBP" time="6.562">
  <properties/>
  <testcase name="testContactDeletion" classname="com.telran.addressbook.tests.ContactDeletionTest" time="2.949"/>
  <testcase name="testContactDeletionByIndex" classname="com.telran.addressbook.tests.ContactDeletionTest" time="3.611"/>
  <system-out><![CDATA[Before: [ContactData{firstName='Long_lastName 3 With_IMAGE__name 3 companyAddress 3 user@mail.com 3 phone3', lastName='null'}, ContactData{firstName='Edited_LastName EditedName_With_IMAGE Edited_Com_address edited_email@mail.com Edited_phone', lastName='null'}, ContactData{firstName='Edited_LastName EditedName_With_IMAGE Edited_Com_address edited_email@mail.com Edited_phone', lastName='null'}, ContactData{firstName='Edited_LastName EditedName_With_IMAGE Edited_Com_address edited_email@mail.com Edited_phone', lastName='null'}, ContactData{firstName='lastName name H u1@mail.com 054', lastName='null'}, ContactData{firstName='lastName name H u1@mail.com 054', lastName='null'}, ContactData{firstName='Long_lastName With_IMAGE__name1 Herzliya user1@mail.com 0540044040', lastName='null'}]
After: [ContactData{firstName='Long_lastName 3 With_IMAGE__name 3 companyAddress 3 user@mail.com 3 phone3', lastName='null'}, ContactData{firstName='Edited_LastName EditedName_With_IMAGE Edited_Com_address edited_email@mail.com Edited_phone', lastName='null'}, ContactData{firstName='Edited_LastName EditedName_With_IMAGE Edited_Com_address edited_email@mail.com Edited_phone', lastName='null'}, ContactData{firstName='Edited_LastName EditedName_With_IMAGE Edited_Com_address edited_email@mail.com Edited_phone', lastName='null'}, ContactData{firstName='lastName name H u1@mail.com 054', lastName='null'}, ContactData{firstName='Long_lastName With_IMAGE__name1 Herzliya user1@mail.com 0540044040', lastName='null'}, ContactData{firstName='Long_lastName With_IMAGE__name1 Herzliya user1@mail.com 0540044040', lastName='null'}]
]]></system-out>
  <system-err><![CDATA[]]></system-err>
</testsuite>
