<?xml version="1.0" encoding="UTF-8"?>
<testsuite name="com.telran.addressbook.tests.ContactModificationTest" tests="1" skipped="0" failures="0" errors="0" timestamp="2018-07-09T21:20:23" hostname="Vladimirs-MBP" time="6.489">
  <properties/>
  <testcase name="testContactModification" classname="com.telran.addressbook.tests.ContactModificationTest" time="6.489"/>
  <system-out><![CDATA[Before: [ContactData{firstName='Long_lastName 1 With_IMAGE__name 1 companyAddress 1 user@mail.com 1 phone1', lastName='null'}, ContactData{firstName='Long_lastName 1 With_IMAGE__name 1 companyAddress 1 user@mail.com 1 phone1', lastName='null'}, ContactData{firstName='Long_lastName 2 With_IMAGE__name 2 companyAddress 2 user@mail.com 2 phone2', lastName='null'}, ContactData{firstName='Long_lastName 2 With_IMAGE__name 2 companyAddress 2 user@mail.com 2 phone2', lastName='null'}, ContactData{firstName='Long_lastName 3 With_IMAGE__name 3 companyAddress 3 user@mail.com 3 phone3', lastName='null'}, ContactData{firstName='Long_lastName 3 With_IMAGE__name 3 companyAddress 3 user@mail.com 3 phone3', lastName='null'}, ContactData{firstName='Long_lastName 4 With_IMAGE__name 4 companyAddress 4 user@mail.com 4 phone4', lastName='null'}, ContactData{firstName='Long_lastName 4 With_IMAGE__name 4 companyAddress 4 user@mail.com 4 phone4', lastName='null'}, ContactData{firstName='Edited_LastName EditedName_With_IMAGE Edited_Com_address edited_email@mail.com Edited_phone', lastName='null'}, ContactData{firstName='Edited_LastName EditedName_With_IMAGE Edited_Com_address edited_email@mail.com Edited_phone', lastName='null'}, ContactData{firstName='lastName name H u1@mail.com 054', lastName='null'}, ContactData{firstName='lastName name H u1@mail.com 054', lastName='null'}, ContactData{firstName='lastName name H u1@mail.com 054', lastName='null'}, ContactData{firstName='Long_lastName With_IMAGE__name1 Herzliya user1@mail.com 0540044040', lastName='null'}, ContactData{firstName='EditedName_With_IMAGE', lastName='Edited_LastName'}]
After: [ContactData{firstName='Long_lastName 1 With_IMAGE__name 1 companyAddress 1 user@mail.com 1 phone1', lastName='null'}, ContactData{firstName='Long_lastName 2 With_IMAGE__name 2 companyAddress 2 user@mail.com 2 phone2', lastName='null'}, ContactData{firstName='Long_lastName 2 With_IMAGE__name 2 companyAddress 2 user@mail.com 2 phone2', lastName='null'}, ContactData{firstName='Long_lastName 3 With_IMAGE__name 3 companyAddress 3 user@mail.com 3 phone3', lastName='null'}, ContactData{firstName='Long_lastName 3 With_IMAGE__name 3 companyAddress 3 user@mail.com 3 phone3', lastName='null'}, ContactData{firstName='Long_lastName 4 With_IMAGE__name 4 companyAddress 4 user@mail.com 4 phone4', lastName='null'}, ContactData{firstName='Long_lastName 4 With_IMAGE__name 4 companyAddress 4 user@mail.com 4 phone4', lastName='null'}, ContactData{firstName='Edited_LastName EditedName_With_IMAGE Edited_Com_address edited_email@mail.com Edited_phone', lastName='null'}, ContactData{firstName='Edited_LastName EditedName_With_IMAGE Edited_Com_address edited_email@mail.com Edited_phone', lastName='null'}, ContactData{firstName='Edited_LastName EditedName_With_IMAGE Edited_Com_address edited_email@mail.com Edited_phone', lastName='null'}, ContactData{firstName='lastName name H u1@mail.com 054', lastName='null'}, ContactData{firstName='lastName name H u1@mail.com 054', lastName='null'}, ContactData{firstName='lastName name H u1@mail.com 054', lastName='null'}, ContactData{firstName='Long_lastName With_IMAGE__name1 Herzliya user1@mail.com 0540044040', lastName='null'}, ContactData{firstName='Long_lastName With_IMAGE__name1 Herzliya user1@mail.com 0540044040', lastName='null'}]
]]></system-out>
  <system-err><![CDATA[]]></system-err>
</testsuite>
