<?xml version="1.0" encoding="UTF-8"?>
<testsuite name="com.telran.addressbook.tests.ContactCreationTest" tests="6" skipped="0" failures="0" errors="0" timestamp="2018-07-09T21:20:07" hostname="Vladimirs-MBP" time="16.414">
  <properties/>
  <testcase name="testContactCreationLongName[0](ContactData{firstName='With_IMAGE__name 1', lastName=' Long_lastName 1'})" classname="com.telran.addressbook.tests.ContactCreationTest" time="5.279"/>
  <testcase name="testContactCreationLongName[1](ContactData{firstName='With_IMAGE__name 2', lastName=' Long_lastName 2'})" classname="com.telran.addressbook.tests.ContactCreationTest" time="2.629"/>
  <testcase name="testContactCreationLongName[2](ContactData{firstName='With_IMAGE__name 3', lastName=' Long_lastName 3'})" classname="com.telran.addressbook.tests.ContactCreationTest" time="2.548"/>
  <testcase name="testContactCreationLongName[3](ContactData{firstName='With_IMAGE__name 4', lastName=' Long_lastName 4'})" classname="com.telran.addressbook.tests.ContactCreationTest" time="2.539"/>
  <testcase name="testContactCreationNoName" classname="com.telran.addressbook.tests.ContactCreationTest" time="1.148"/>
  <testcase name="testContactCreationShortName" classname="com.telran.addressbook.tests.ContactCreationTest" time="2.265"/>
  <system-out><![CDATA[1 method: testContactCreationLongName() PASSED
1 method: testContactCreationLongName() PASSED
1 method: testContactCreationLongName() PASSED
1 method: testContactCreationLongName() PASSED
3 method: testContactCreationNoName() PASSED
2 method: testContactCreationShortName() PASSED
]]></system-out>
  <system-err><![CDATA[]]></system-err>
</testsuite>
