<?xml version="1.0" encoding="UTF-8"?>
<testsuite name="com.telran.addressbook.tests.ContactDeletionTest" tests="1" skipped="0" failures="0" errors="0" timestamp="2018-07-05T23:13:27" hostname="Vladimirs-MBP" time="3.722">
  <properties/>
  <testcase name="testContactDeletion" classname="com.telran.addressbook.tests.ContactDeletionTest" time="3.722"/>
  <system-out><![CDATA[]]></system-out>
  <system-err><![CDATA[]]></system-err>
</testsuite>
