<?xml version="1.0" encoding="UTF-8"?>
<testsuite name="com.telran.addressbook.tests.ContactCreationTest" tests="3" skipped="0" failures="0" errors="0" timestamp="2018-05-29T17:09:00" hostname="Vladimirs-MacBook-Pro.local" time="10.304">
  <properties/>
  <testcase name="testContactCreationLongName" classname="com.telran.addressbook.tests.ContactCreationTest" time="5.415"/>
  <testcase name="testContactCreationNoName" classname="com.telran.addressbook.tests.ContactCreationTest" time="2.003"/>
  <testcase name="testContactCreationShortName" classname="com.telran.addressbook.tests.ContactCreationTest" time="2.885"/>
  <system-out><![CDATA[1 method: testContactCreationLongName() PASSED
3 method: testContactCreationNoName() PASSED
2 method: testContactCreationShortName() PASSED
]]></system-out>
  <system-err><![CDATA[]]></system-err>
</testsuite>
